  Camera.cpp
C:\Users\jkkks\Desktop\3d\LabProject\LabProject16\Camera.h(8,1): warning C4005: 'ASPECT_RATIO': 매크로 재정의
  (소스 파일 'Camera.cpp'을(를) 컴파일하는 중)
  C:\Users\jkkks\Desktop\3d\LabProject\LabProject16\Camera.h(2,1):
  'ASPECT_RATIO'의 이전 정의를 참조하십시오.
  
  GameFramework.cpp
C:\Users\jkkks\Desktop\3d\LabProject\LabProject16\Camera.h(8,1): warning C4005: 'ASPECT_RATIO': 매크로 재정의
  (소스 파일 'GameFramework.cpp'을(를) 컴파일하는 중)
  C:\Users\jkkks\Desktop\3d\LabProject\LabProject16\Camera.h(2,1):
  'ASPECT_RATIO'의 이전 정의를 참조하십시오.
  
C:\Users\jkkks\Desktop\3d\LabProject\LabProject16\GameFramework.cpp(329,71): warning C4244: '인수': 'WPARAM'에서 'DWORD'(으)로 변환하면서 데이터가 손실될 수 있습니다.
  GameObject.cpp
C:\Users\jkkks\Desktop\3d\LabProject\LabProject16\Camera.h(8,1): warning C4005: 'ASPECT_RATIO': 매크로 재정의
  (소스 파일 'GameObject.cpp'을(를) 컴파일하는 중)
  C:\Users\jkkks\Desktop\3d\LabProject\LabProject16\Camera.h(2,1):
  'ASPECT_RATIO'의 이전 정의를 참조하십시오.
  
  LabProject16.cpp
C:\Users\jkkks\Desktop\3d\LabProject\LabProject16\Camera.h(8,1): warning C4005: 'ASPECT_RATIO': 매크로 재정의
  (소스 파일 'LabProject16.cpp'을(를) 컴파일하는 중)
  C:\Users\jkkks\Desktop\3d\LabProject\LabProject16\Camera.h(2,1):
  'ASPECT_RATIO'의 이전 정의를 참조하십시오.
  
  Mesh.cpp
  Player.cpp
C:\Users\jkkks\Desktop\3d\LabProject\LabProject16\Camera.h(8,1): warning C4005: 'ASPECT_RATIO': 매크로 재정의
  (소스 파일 'Player.cpp'을(를) 컴파일하는 중)
  C:\Users\jkkks\Desktop\3d\LabProject\LabProject16\Camera.h(2,1):
  'ASPECT_RATIO'의 이전 정의를 참조하십시오.
  
  Scene.cpp
C:\Users\jkkks\Desktop\3d\LabProject\LabProject16\Camera.h(8,1): warning C4005: 'ASPECT_RATIO': 매크로 재정의
  (소스 파일 'Scene.cpp'을(를) 컴파일하는 중)
  C:\Users\jkkks\Desktop\3d\LabProject\LabProject16\Camera.h(2,1):
  'ASPECT_RATIO'의 이전 정의를 참조하십시오.
  
  Shader.cpp
C:\Users\jkkks\Desktop\3d\LabProject\LabProject16\Camera.h(8,1): warning C4005: 'ASPECT_RATIO': 매크로 재정의
  (소스 파일 'Shader.cpp'을(를) 컴파일하는 중)
  C:\Users\jkkks\Desktop\3d\LabProject\LabProject16\Camera.h(2,1):
  'ASPECT_RATIO'의 이전 정의를 참조하십시오.
  
  코드를 생성하고 있습니다.
  174 of 377 functions (46.2%) were compiled, the rest were copied from previous compilation.
    24 functions were new in current compilation
    52 functions had inline decision re-evaluated but remain unchanged
  코드를 생성했습니다.
  LabProject16.vcxproj -> C:\Users\jkkks\Desktop\3d\LabProject\x64\Release\LabProject16.exe
